Using pre-set license
Built from '2020.3/staging' branch; Version is '2020.3.23f1 (c5d91304a876) revision 12966163'; Using compiler version '192528614'; Build Type 'Release'
OS: 'Windows 10 Home; OS build 19042.1348; Version 2009; 64bit' Language: 'it' Physical Memory: 16189 MB
BatchMode: 1, IsHumanControllingUs: 0, StartBugReporterOnCrash: 0, Is64bit: 1, IsPro: 0

COMMAND LINE ARGUMENTS:
C:\Program Files\Unity\Hub\Editor\2020.3.23f1\Editor\Unity.exe
-adb2
-batchMode
-noUpm
-name
AssetImportWorker0
-projectPath
C:/Users/Claudia/Myproject_2
-logFile
Logs/AssetImportWorker0.log
-srvPort
63173
Successfully changed project path to: C:/Users/Claudia/Myproject_2
C:/Users/Claudia/Myproject_2
Using Asset Import Pipeline V2.
Refreshing native plugins compatible for Editor in 41.58 ms, found 2 plugins.
Preloading 0 native plugins for Editor in 0.00 ms.
Initialize engine version: 2020.3.23f1 (c5d91304a876)
[Subsystems] Discovering subsystems at path C:/Program Files/Unity/Hub/Editor/2020.3.23f1/Editor/Data/Resources/UnitySubsystems
[Subsystems] Discovering subsystems at path C:/Users/Claudia/Myproject_2/Assets
GfxDevice: creating device client; threaded=0
Direct3D:
    Version:  Direct3D 11.0 [level 11.1]
    Renderer: NVIDIA GeForce MX330 (ID=0x1d16)
    Vendor:   
    VRAM:     1983 MB
    Driver:   27.21.14.6259
Initialize mono
Mono path[0] = 'C:/Program Files/Unity/Hub/Editor/2020.3.23f1/Editor/Data/Managed'
Mono path[1] = 'C:/Program Files/Unity/Hub/Editor/2020.3.23f1/Editor/Data/MonoBleedingEdge/lib/mono/unityjit'
Mono config path = 'C:/Program Files/Unity/Hub/Editor/2020.3.23f1/Editor/Data/MonoBleedingEdge/etc'
Using monoOptions --debugger-agent=transport=dt_socket,embedding=1,server=y,suspend=n,address=127.0.0.1:56752
Begin MonoManager ReloadAssembly
Registering precompiled unity dll's ...
Register platform support module: C:/Program Files/Unity/Hub/Editor/2020.3.23f1/Editor/Data/PlaybackEngines/WindowsStandaloneSupport/UnityEditor.WindowsStandalone.Extensions.dll
Registered in 0.006244 seconds.
Native extension for WindowsStandalone target not found
Refreshing native plugins compatible for Editor in 52.81 ms, found 2 plugins.
Preloading 0 native plugins for Editor in 0.00 ms.
Mono: successfully reloaded assembly
- Completed reload, in  0.866 seconds
Domain Reload Profiling:
	ReloadAssembly (866ms)
		BeginReloadAssembly (91ms)
			ExecutionOrderSort (0ms)
			DisableScriptedObjects (0ms)
			BackupInstance (0ms)
			ReleaseScriptingObjects (0ms)
			CreateAndSetChildDomain (1ms)
		EndReloadAssembly (636ms)
			LoadAssemblies (89ms)
			RebuildTransferFunctionScriptingTraits (0ms)
			SetupTypeCache (193ms)
			ReleaseScriptCaches (0ms)
			RebuildScriptCaches (50ms)
			SetupLoadedEditorAssemblies (228ms)
				LogAssemblyErrors (0ms)
				InitializePlatformSupportModulesInManaged (7ms)
				SetLoadedEditorAssemblies (0ms)
				RefreshPlugins (53ms)
				BeforeProcessingInitializeOnLoad (17ms)
				ProcessInitializeOnLoadAttributes (116ms)
				ProcessInitializeOnLoadMethodAttributes (35ms)
				AfterProcessingInitializeOnLoad (0ms)
				EditorAssembliesLoaded (0ms)
			ExecutionOrderSort2 (0ms)
			AwakeInstancesAfterBackupRestoration (0ms)
Platform modules already initialized, skipping
Registering precompiled user dll's ...
Registered in 0.023873 seconds.
Begin MonoManager ReloadAssembly
Native extension for WindowsStandalone target not found
Refreshing native plugins compatible for Editor in 0.44 ms, found 2 plugins.
Preloading 0 native plugins for Editor in 0.00 ms.
Mono: successfully reloaded assembly
- Completed reload, in  1.377 seconds
Domain Reload Profiling:
	ReloadAssembly (1378ms)
		BeginReloadAssembly (209ms)
			ExecutionOrderSort (0ms)
			DisableScriptedObjects (6ms)
			BackupInstance (0ms)
			ReleaseScriptingObjects (0ms)
			CreateAndSetChildDomain (28ms)
		EndReloadAssembly (1064ms)
			LoadAssemblies (127ms)
			RebuildTransferFunctionScriptingTraits (0ms)
			SetupTypeCache (347ms)
			ReleaseScriptCaches (0ms)
			RebuildScriptCaches (60ms)
			SetupLoadedEditorAssemblies (431ms)
				LogAssemblyErrors (0ms)
				InitializePlatformSupportModulesInManaged (6ms)
				SetLoadedEditorAssemblies (1ms)
				RefreshPlugins (1ms)
				BeforeProcessingInitializeOnLoad (129ms)
				ProcessInitializeOnLoadAttributes (273ms)
				ProcessInitializeOnLoadMethodAttributes (12ms)
				AfterProcessingInitializeOnLoad (9ms)
				EditorAssembliesLoaded (0ms)
			ExecutionOrderSort2 (0ms)
			AwakeInstancesAfterBackupRestoration (8ms)
Platform modules already initialized, skipping
========================================================================
Worker process is ready to serve import requests
Launched and connected shader compiler UnityShaderCompiler.exe after 0.10 seconds
Refreshing native plugins compatible for Editor in 0.54 ms, found 2 plugins.
Preloading 0 native plugins for Editor in 0.00 ms.
Unloading 1574 Unused Serialized files (Serialized files now loaded: 0)
System memory in use before: 85.1 MB.
System memory in use after: 85.2 MB.

Unloading 19 unused Assets to reduce memory usage. Loaded Objects now: 2026.
Total: 3.556200 ms (FindLiveObjects: 0.145200 ms CreateObjectMapping: 0.053000 ms MarkObjects: 3.267500 ms  DeleteObjects: 0.089000 ms)

AssetImportParameters requested are different than current active one (requested -> active):
  custom:framework-win-MediaFoundation: 216162199b28c13a410421893ffa2e32 -> 
  custom:video-decoder-ogg-theora: a1e56fd34408186e4bbccfd4996cb3dc -> 
  custom:container-muxer-webm: aa71ff27fc2769a1b78a27578f13a17b -> 
  custom:container-demuxer-webm: 4f35f7cbe854078d1ac9338744f61a02 -> 
  custom:container-demuxer-ogg: 62fdf1f143b41e24485cea50d1cbac27 -> 
  custom:video-encoder-webm-vp8: eb34c28f22e8b96e1ab97ce403110664 -> 
  custom:video-decoder-webm-vp8: 9c59270c3fd7afecdb556c50c9e8de78 -> 
  custom:audio-decoder-ogg-vorbis: bf7c407c2cedff20999df2af8eb42d56 -> 
  custom:audio-encoder-webm-vorbis: bf7c407c2cedff20999df2af8eb42d56 -> 
========================================================================
Received Import Request.
  path: Assets/Materials/grassxkids.png
  artifactKey: Guid(5f22435c5cbe75d49808607ce30ea36a) Importer(815301076,1909f56bfc062723c751e8b465ee728b)
Start importing Assets/Materials/grassxkids.png using Guid(5f22435c5cbe75d49808607ce30ea36a) Importer(815301076,1909f56bfc062723c751e8b465ee728b)  -> (artifact id: '5112691bed935ed2a2fa78f306169202') in 0.143070 seconds 
  Import took 0.152459 seconds .

========================================================================
Received Import Request.
  Time since last request: 45.997330 seconds.
  path: Assets/TextMesh Pro/Examples & Extras/Textures/Brushed Metal 3.jpg
  artifactKey: Guid(f88677df267a41d6be1e7a6133e7d227) Importer(815301076,1909f56bfc062723c751e8b465ee728b)
Start importing Assets/TextMesh Pro/Examples & Extras/Textures/Brushed Metal 3.jpg using Guid(f88677df267a41d6be1e7a6133e7d227) Importer(815301076,1909f56bfc062723c751e8b465ee728b)  -> (artifact id: '3ede9ebdcf06da7bc9c6ecdfde3f4d13') in 0.104900 seconds 
  Import took 0.112694 seconds .

========================================================================
Received Import Request.
  Time since last request: 3.586170 seconds.
  path: Assets/TextMesh Pro/Examples & Extras/Sprites/Default Sprites.png
  artifactKey: Guid(a0fc465d6cf04254a2938578735e2383) Importer(815301076,1909f56bfc062723c751e8b465ee728b)
Start importing Assets/TextMesh Pro/Examples & Extras/Sprites/Default Sprites.png using Guid(a0fc465d6cf04254a2938578735e2383) Importer(815301076,1909f56bfc062723c751e8b465ee728b)  -> (artifact id: 'c4ae7ed12ef9a6e0e5e11a9fed8d8cea') in 0.073460 seconds 
  Import took 0.079737 seconds .

========================================================================
Received Import Request.
  Time since last request: 0.000404 seconds.
  path: Assets/TextMesh Pro/Examples & Extras/Sprites/DropCap Numbers.psd
  artifactKey: Guid(fd09957580ac4326916010f1f260975b) Importer(815301076,1909f56bfc062723c751e8b465ee728b)
Start importing Assets/TextMesh Pro/Examples & Extras/Sprites/DropCap Numbers.psd using Guid(fd09957580ac4326916010f1f260975b) Importer(815301076,1909f56bfc062723c751e8b465ee728b)  -> (artifact id: 'e48539a8bae1c116ce9738d2f902acd6') in 0.080971 seconds 
  Import took 0.087380 seconds .

========================================================================
Received Import Request.
  Time since last request: 0.207329 seconds.
  path: Assets/TextMesh Pro/Sprites/EmojiOne.png
  artifactKey: Guid(dffef66376be4fa480fb02b19edbe903) Importer(815301076,1909f56bfc062723c751e8b465ee728b)
Start importing Assets/TextMesh Pro/Sprites/EmojiOne.png using Guid(dffef66376be4fa480fb02b19edbe903) Importer(815301076,1909f56bfc062723c751e8b465ee728b)  -> (artifact id: '15770c780ebad2127a7dba05b3837a4c') in 0.095637 seconds 
  Import took 0.103594 seconds .

========================================================================
Received Import Request.
  Time since last request: 0.000851 seconds.
  path: Assets/TextMesh Pro/Examples & Extras/Textures/Floor Cement.jpg
  artifactKey: Guid(283f897e4925411ebbaa758b4cb13fc2) Importer(815301076,1909f56bfc062723c751e8b465ee728b)
Start importing Assets/TextMesh Pro/Examples & Extras/Textures/Floor Cement.jpg using Guid(283f897e4925411ebbaa758b4cb13fc2) Importer(815301076,1909f56bfc062723c751e8b465ee728b)  -> (artifact id: '5803a9d9fda95b6faf2807efd67d84ca') in 0.092305 seconds 
  Import took 0.098832 seconds .

========================================================================
Received Import Request.
  Time since last request: 0.308617 seconds.
  path: Assets/TextMesh Pro/Examples & Extras/Textures/Floor Tiles 1 - diffuse.jpg
  artifactKey: Guid(85ac55597b97403c82fc6601a93cf241) Importer(815301076,1909f56bfc062723c751e8b465ee728b)
Start importing Assets/TextMesh Pro/Examples & Extras/Textures/Floor Tiles 1 - diffuse.jpg using Guid(85ac55597b97403c82fc6601a93cf241) Importer(815301076,1909f56bfc062723c751e8b465ee728b)  -> (artifact id: '177505f5fb67fe63ae46809e291f685f') in 0.090436 seconds 
  Import took 0.096977 seconds .

========================================================================
Received Import Request.
  Time since last request: 0.996526 seconds.
  path: Assets/TextMesh Pro/Examples & Extras/Textures/Fruit Jelly (B&W).jpg
  artifactKey: Guid(1cdc5b506b1a4a33a53c30669ced1f51) Importer(815301076,1909f56bfc062723c751e8b465ee728b)
Start importing Assets/TextMesh Pro/Examples & Extras/Textures/Fruit Jelly (B&W).jpg using Guid(1cdc5b506b1a4a33a53c30669ced1f51) Importer(815301076,1909f56bfc062723c751e8b465ee728b)  -> (artifact id: '809f96f4c47c7f68e26751edfb8915af') in 0.063565 seconds 
  Import took 0.070886 seconds .

========================================================================
Received Import Request.
  Time since last request: 0.000577 seconds.
  path: Assets/TextMesh Pro/Examples & Extras/Textures/Gradient Diagonal (Color).jpg
  artifactKey: Guid(2ce5c55e85304b819a1826ecbc839aa5) Importer(815301076,1909f56bfc062723c751e8b465ee728b)
Start importing Assets/TextMesh Pro/Examples & Extras/Textures/Gradient Diagonal (Color).jpg using Guid(2ce5c55e85304b819a1826ecbc839aa5) Importer(815301076,1909f56bfc062723c751e8b465ee728b)  -> (artifact id: '10a4d3b2d16a5293df1d96ff24e8214b') in 0.086100 seconds 
  Import took 0.091833 seconds .

========================================================================
Received Import Request.
  Time since last request: 1.202710 seconds.
  path: Assets/TextMesh Pro/Examples & Extras/Textures/Gradient Horizontal (Color).jpg
  artifactKey: Guid(6eb184de103d4b3f812b38561065192f) Importer(815301076,1909f56bfc062723c751e8b465ee728b)
Start importing Assets/TextMesh Pro/Examples & Extras/Textures/Gradient Horizontal (Color).jpg using Guid(6eb184de103d4b3f812b38561065192f) Importer(815301076,1909f56bfc062723c751e8b465ee728b)  -> (artifact id: '7f0128dab0536fdbb7ad4836a1c83a72') in 0.114477 seconds 
  Import took 0.122162 seconds .

========================================================================
Received Import Request.
  Time since last request: 0.000370 seconds.
  path: Assets/TextMesh Pro/Examples & Extras/Textures/Gradient Vertical (Color).jpg
  artifactKey: Guid(03d0538de6e24c0f819bfc9ce084dfa9) Importer(815301076,1909f56bfc062723c751e8b465ee728b)
Start importing Assets/TextMesh Pro/Examples & Extras/Textures/Gradient Vertical (Color).jpg using Guid(03d0538de6e24c0f819bfc9ce084dfa9) Importer(815301076,1909f56bfc062723c751e8b465ee728b)  -> (artifact id: '6ab0a29bdb5114268f0d736a3b598d80') in 0.104746 seconds 
  Import took 0.110841 seconds .

========================================================================
Received Import Request.
  Time since last request: 635.185052 seconds.
  path: Assets/Materials/blue-color.png
  artifactKey: Guid(fb78db9be1e565742a8f3cb823972fe1) Importer(815301076,1909f56bfc062723c751e8b465ee728b)
Start importing Assets/Materials/blue-color.png using Guid(fb78db9be1e565742a8f3cb823972fe1) Importer(815301076,1909f56bfc062723c751e8b465ee728b)  -> (artifact id: 'a0f9257cd4cccdcf58318aaa23b16f76') in 0.082945 seconds 
  Import took 0.092257 seconds .

========================================================================
Received Import Request.
  Time since last request: 25.328557 seconds.
  path: Assets/Materials/blue-color.png
  artifactKey: Guid(fb78db9be1e565742a8f3cb823972fe1) Importer(815301076,1909f56bfc062723c751e8b465ee728b)
Start importing Assets/Materials/blue-color.png using Guid(fb78db9be1e565742a8f3cb823972fe1) Importer(815301076,1909f56bfc062723c751e8b465ee728b)  -> (artifact id: '674e54bfa3d887b994f2d6f5341821f1') in 0.130906 seconds 
  Import took 0.139575 seconds .

========================================================================
Received Import Request.
  Time since last request: 75.521391 seconds.
  path: Assets/Materials/blue-color.png
  artifactKey: Guid(fb78db9be1e565742a8f3cb823972fe1) Importer(815301076,1909f56bfc062723c751e8b465ee728b)
Start importing Assets/Materials/blue-color.png using Guid(fb78db9be1e565742a8f3cb823972fe1) Importer(815301076,1909f56bfc062723c751e8b465ee728b)  -> (artifact id: '9ccaf5b6d291c85bca00077c49ba837c') in 0.088929 seconds 
  Import took 0.095529 seconds .

========================================================================
Received Import Request.
  Time since last request: 507.788514 seconds.
  path: Assets/Materials/gray-sand.png
  artifactKey: Guid(9ef76e5030a43e84bbd4a7ca8a700f17) Importer(815301076,1909f56bfc062723c751e8b465ee728b)
Start importing Assets/Materials/gray-sand.png using Guid(9ef76e5030a43e84bbd4a7ca8a700f17) Importer(815301076,1909f56bfc062723c751e8b465ee728b)  -> (artifact id: '1d3678a51747eb506fc6b4014e91cf8d') in 0.061170 seconds 
  Import took 0.067565 seconds .

========================================================================
Received Import Request.
  Time since last request: 362.153260 seconds.
  path: Assets/Materials/rock-texture-png-3.png
  artifactKey: Guid(413f45ad267dc6d459eb8aff64371b6a) Importer(815301076,1909f56bfc062723c751e8b465ee728b)
Start importing Assets/Materials/rock-texture-png-3.png using Guid(413f45ad267dc6d459eb8aff64371b6a) Importer(815301076,1909f56bfc062723c751e8b465ee728b)  -> (artifact id: '053ff3e382b48a3a422dda197ef9d318') in 0.060621 seconds 
  Import took 0.065916 seconds .

========================================================================
Received Import Request.
  Time since last request: 13.452751 seconds.
  path: Assets/TextMesh Pro/Resources/Fonts & Materials/LiberationSans SDF - Fallback.asset
  artifactKey: Guid(2e498d1c8094910479dc3e1b768306a4) Importer(815301076,1909f56bfc062723c751e8b465ee728b)
Start importing Assets/TextMesh Pro/Resources/Fonts & Materials/LiberationSans SDF - Fallback.asset using Guid(2e498d1c8094910479dc3e1b768306a4) Importer(815301076,1909f56bfc062723c751e8b465ee728b)  -> (artifact id: '7f7ce302a741a5debd8e942253f4199c') in 0.120740 seconds 
  Import took 0.125173 seconds .

========================================================================
Received Import Request.
  Time since last request: 0.133858 seconds.
  path: Assets/TextMesh Pro/Examples & Extras/Textures/Mask Zig-n-Zag.psd
  artifactKey: Guid(bb8dfcd263ad4eb383a33d74a720be6f) Importer(815301076,1909f56bfc062723c751e8b465ee728b)
Start importing Assets/TextMesh Pro/Examples & Extras/Textures/Mask Zig-n-Zag.psd using Guid(bb8dfcd263ad4eb383a33d74a720be6f) Importer(815301076,1909f56bfc062723c751e8b465ee728b)  -> (artifact id: 'feac8e9af74eee7d1a8e8ccc5467f798') in 0.049025 seconds 
  Import took 0.052316 seconds .

========================================================================
Received Import Request.
  Time since last request: 107.056779 seconds.
  path: Assets/Materials/rock-texture-png-9.png
  artifactKey: Guid(831176696ff08e548bf4f235a5c5d69a) Importer(815301076,1909f56bfc062723c751e8b465ee728b)
Start importing Assets/Materials/rock-texture-png-9.png using Guid(831176696ff08e548bf4f235a5c5d69a) Importer(815301076,1909f56bfc062723c751e8b465ee728b)  -> (artifact id: '3e899254b0cb11a900b7c6a469cf1bad') in 0.041037 seconds 
  Import took 0.045839 seconds .

========================================================================
Received Import Request.
  Time since last request: 10.210885 seconds.
  path: Assets/TextMesh Pro/Examples & Extras/Textures/Small Crate_diffuse.jpg
  artifactKey: Guid(602cb87b6a29443b8636370ea0751574) Importer(815301076,1909f56bfc062723c751e8b465ee728b)
Start importing Assets/TextMesh Pro/Examples & Extras/Textures/Small Crate_diffuse.jpg using Guid(602cb87b6a29443b8636370ea0751574) Importer(815301076,1909f56bfc062723c751e8b465ee728b)  -> (artifact id: 'efd2abd6105ff4f651cd19ee5cf55807') in 0.046251 seconds 
  Import took 0.050344 seconds .

========================================================================
Received Import Request.
  Time since last request: 0.000951 seconds.
  path: Assets/TextMesh Pro/Examples & Extras/Textures/Small Crate_normal.jpg
  artifactKey: Guid(8878a782f4334ecbbcf683b3ac780966) Importer(815301076,1909f56bfc062723c751e8b465ee728b)
Start importing Assets/TextMesh Pro/Examples & Extras/Textures/Small Crate_normal.jpg using Guid(8878a782f4334ecbbcf683b3ac780966) Importer(815301076,1909f56bfc062723c751e8b465ee728b)  -> (artifact id: '28e7dbe8ad890444bc600aedf02cf1c4') in 0.041640 seconds 
  Import took 0.044931 seconds .

========================================================================
Received Import Request.
  Time since last request: 532.784003 seconds.
  path: Assets/Tree.prefab
  artifactKey: Guid(4145cea062a5f1743b8f1d17c743bc5b) Importer(815301076,1909f56bfc062723c751e8b465ee728b)
Start importing Assets/Tree.prefab using Guid(4145cea062a5f1743b8f1d17c743bc5b) Importer(815301076,1909f56bfc062723c751e8b465ee728b)  -> (artifact id: 'ef0e65e722da87a3a6b155c3ed530369') in 0.243862 seconds 
  Import took 0.249867 seconds .

========================================================================
Received Import Request.
  Time since last request: 164.881604 seconds.
  path: Assets/New Terrain 1.asset
  artifactKey: Guid(b638027d6a61049428e24843fb406cc0) Importer(815301076,1909f56bfc062723c751e8b465ee728b)
Start importing Assets/New Terrain 1.asset using Guid(b638027d6a61049428e24843fb406cc0) Importer(815301076,1909f56bfc062723c751e8b465ee728b)  -> (artifact id: '20cc639af6a03d2461e503db790e894c') in 0.038173 seconds 
  Import took 0.043323 seconds .

========================================================================
Received Import Request.
  Time since last request: 0.000408 seconds.
  path: Assets/New Terrain.asset
  artifactKey: Guid(c4305495930f67d42bb14083e9e479b4) Importer(815301076,1909f56bfc062723c751e8b465ee728b)
Start importing Assets/New Terrain.asset using Guid(c4305495930f67d42bb14083e9e479b4) Importer(815301076,1909f56bfc062723c751e8b465ee728b)  -> (artifact id: '85064a637201e3c46f334c712bce38c1') in 0.034691 seconds 
  Import took 0.037891 seconds .

========================================================================
Received Import Request.
  Time since last request: 12.211721 seconds.
  path: Assets/oak 01.fbx
  artifactKey: Guid(f6cb8051605896b4390f9c052f0381bd) Importer(815301076,1909f56bfc062723c751e8b465ee728b)
Start importing Assets/oak 01.fbx using Guid(f6cb8051605896b4390f9c052f0381bd) Importer(815301076,1909f56bfc062723c751e8b465ee728b)  -> (artifact id: 'fca31758b8fedc3619f5db131a4b8b52') in 0.195521 seconds 
  Import took 0.200561 seconds .

========================================================================
Received Import Request.
  Time since last request: 45.057646 seconds.
  path: Assets/internal_ground_ao_texture.jpeg
  artifactKey: Guid(445b0bbd8bdbc5249b48cbea28f6e323) Importer(815301076,1909f56bfc062723c751e8b465ee728b)
Start importing Assets/internal_ground_ao_texture.jpeg using Guid(445b0bbd8bdbc5249b48cbea28f6e323) Importer(815301076,1909f56bfc062723c751e8b465ee728b)  -> (artifact id: '2f9b9164638520efff43d62529828a69') in 0.087956 seconds 
  Import took 0.090804 seconds .

========================================================================
Received Import Request.
  Time since last request: 10.549720 seconds.
  path: Assets/leaf01.png
  artifactKey: Guid(d33235933f8807845844beab32d9fabd) Importer(815301076,1909f56bfc062723c751e8b465ee728b)
Start importing Assets/leaf01.png using Guid(d33235933f8807845844beab32d9fabd) Importer(815301076,1909f56bfc062723c751e8b465ee728b)  -> (artifact id: 'ac5499361609149460048eb640ee6ec2') in 0.046102 seconds 
  Import took 0.050152 seconds .

========================================================================
Received Import Request.
  Time since last request: 214.704189 seconds.
  path: Assets/Tree 1.prefab
  artifactKey: Guid(8a1ccf899d739d243b3195467026c69c) Importer(815301076,1909f56bfc062723c751e8b465ee728b)
Start importing Assets/Tree 1.prefab using Guid(8a1ccf899d739d243b3195467026c69c) Importer(815301076,1909f56bfc062723c751e8b465ee728b)  -> (artifact id: 'e284426c30859e1becea0f3f7fdb61c2') in 0.076537 seconds 
  Import took 0.081292 seconds .

========================================================================
Received Import Request.
  Time since last request: 109.825809 seconds.
  path: Assets/New Material 1.mat
  artifactKey: Guid(2499ee1484fa31d4d870a9916f5e566e) Importer(815301076,1909f56bfc062723c751e8b465ee728b)
Start importing Assets/New Material 1.mat using Guid(2499ee1484fa31d4d870a9916f5e566e) Importer(815301076,1909f56bfc062723c751e8b465ee728b)  -> (artifact id: '3c55a2dbfda10ec1519eba4e0a7e02ca') in 0.096791 seconds 
  Import took 0.100996 seconds .

========================================================================
Received Import Request.
  Time since last request: 182.376374 seconds.
  path: Assets/Tree 1_Textures/diffuse.png
  artifactKey: Guid(0b398f71da433bb478687d706e58465a) Importer(815301076,1909f56bfc062723c751e8b465ee728b)
Start importing Assets/Tree 1_Textures/diffuse.png using Guid(0b398f71da433bb478687d706e58465a) Importer(815301076,1909f56bfc062723c751e8b465ee728b)  -> (artifact id: 'd2149c83fa4f1015e912c415cff424b1') in 0.043939 seconds 
  Import took 0.048925 seconds .

========================================================================
Received Import Request.
  Time since last request: 0.000560 seconds.
  path: Assets/Tree 1_Textures/normal_specular.png
  artifactKey: Guid(5834a20f70389564296e58596bff2e1e) Importer(815301076,1909f56bfc062723c751e8b465ee728b)
Start importing Assets/Tree 1_Textures/normal_specular.png using Guid(5834a20f70389564296e58596bff2e1e) Importer(815301076,1909f56bfc062723c751e8b465ee728b)  -> (artifact id: '2767ff898c180ba26fd10cb978cabe95') in 0.043526 seconds 
  Import took 0.047273 seconds .

========================================================================
Received Import Request.
  Time since last request: 0.000435 seconds.
  path: Assets/Tree 1_Textures/shadow.png
  artifactKey: Guid(3ce5b687056c38340aaeb02bca06a02f) Importer(815301076,1909f56bfc062723c751e8b465ee728b)
Start importing Assets/Tree 1_Textures/shadow.png using Guid(3ce5b687056c38340aaeb02bca06a02f) Importer(815301076,1909f56bfc062723c751e8b465ee728b)  -> (artifact id: 'c32b377096c28d5a8cb2802d51f8a4e0') in 0.047123 seconds 
  Import took 0.050419 seconds .

========================================================================
Received Import Request.
  Time since last request: 0.000462 seconds.
  path: Assets/Tree 1_Textures/translucency_gloss.png
  artifactKey: Guid(529884f852256304fa2aa850a5a1f7ce) Importer(815301076,1909f56bfc062723c751e8b465ee728b)
Start importing Assets/Tree 1_Textures/translucency_gloss.png using Guid(529884f852256304fa2aa850a5a1f7ce) Importer(815301076,1909f56bfc062723c751e8b465ee728b)  -> (artifact id: '01ac8394e3a590ca4918e22935f212b3') in 0.038596 seconds 
  Import took 0.041281 seconds .

========================================================================
Received Import Request.
  Time since last request: 1.883248 seconds.
  path: Assets/Tree_Textures/diffuse.png
  artifactKey: Guid(cee0be529552361408c53dc8d8083a62) Importer(815301076,1909f56bfc062723c751e8b465ee728b)
Start importing Assets/Tree_Textures/diffuse.png using Guid(cee0be529552361408c53dc8d8083a62) Importer(815301076,1909f56bfc062723c751e8b465ee728b)  -> (artifact id: '6447489e644a0d2c53445c63e01bb646') in 0.032716 seconds 
  Import took 0.037950 seconds .

========================================================================
Received Import Request.
  Time since last request: 0.000430 seconds.
  path: Assets/Tree_Textures/normal_specular.png
  artifactKey: Guid(fb43dfa7aec0e114e97464cd1ebcd319) Importer(815301076,1909f56bfc062723c751e8b465ee728b)
Start importing Assets/Tree_Textures/normal_specular.png using Guid(fb43dfa7aec0e114e97464cd1ebcd319) Importer(815301076,1909f56bfc062723c751e8b465ee728b)  -> (artifact id: 'e8ca9d83699d0354ab3a383b4b94e64f') in 0.035475 seconds 
  Import took 0.038353 seconds .

========================================================================
Received Import Request.
  Time since last request: 0.000363 seconds.
  path: Assets/Tree_Textures/shadow.png
  artifactKey: Guid(ee144bdfe151e6f419fceb987713eecc) Importer(815301076,1909f56bfc062723c751e8b465ee728b)
Start importing Assets/Tree_Textures/shadow.png using Guid(ee144bdfe151e6f419fceb987713eecc) Importer(815301076,1909f56bfc062723c751e8b465ee728b)  -> (artifact id: '89fec3704ee04e5a255956ebf9f60d0a') in 0.033661 seconds 
  Import took 0.036486 seconds .

========================================================================
Received Import Request.
  Time since last request: 0.000314 seconds.
  path: Assets/Tree_Textures/translucency_gloss.png
  artifactKey: Guid(a0ccbec8be7bdd34982d6f668bb91804) Importer(815301076,1909f56bfc062723c751e8b465ee728b)
Start importing Assets/Tree_Textures/translucency_gloss.png using Guid(a0ccbec8be7bdd34982d6f668bb91804) Importer(815301076,1909f56bfc062723c751e8b465ee728b)  -> (artifact id: 'ac5fb537f5d365e899a2c29c04d6cf32') in 0.032964 seconds 
  Import took 0.036150 seconds .

========================================================================
Received Import Request.
  Time since last request: 806.832309 seconds.
  path: Assets/Materials/sheet-brown-paper-texture-cardboard-paper-background_89245-78.jpg
  artifactKey: Guid(e7337a36af821ed4bbc8c216538928b4) Importer(815301076,1909f56bfc062723c751e8b465ee728b)
Start importing Assets/Materials/sheet-brown-paper-texture-cardboard-paper-background_89245-78.jpg using Guid(e7337a36af821ed4bbc8c216538928b4) Importer(815301076,1909f56bfc062723c751e8b465ee728b)  -> (artifact id: '9f9801de6e7c1a2f30d5addc959f2502') in 0.069208 seconds 
  Import took 0.073935 seconds .

========================================================================
Received Import Request.
  Time since last request: 14.032968 seconds.
  path: Assets/TextMesh Pro/Examples & Extras/Textures/Sunny Days - Seamless.jpg
  artifactKey: Guid(17c350171f7a3ca479f830547c66d187) Importer(815301076,1909f56bfc062723c751e8b465ee728b)
Start importing Assets/TextMesh Pro/Examples & Extras/Textures/Sunny Days - Seamless.jpg using Guid(17c350171f7a3ca479f830547c66d187) Importer(815301076,1909f56bfc062723c751e8b465ee728b)  -> (artifact id: '89c249df4ab4459815cca09e9fb29be6') in 0.071696 seconds 
  Import took 0.075770 seconds .

========================================================================
Received Import Request.
  Time since last request: 0.299911 seconds.
  path: Assets/TextMesh Pro/Examples & Extras/Textures/Text Overflow - Linked Text Image 1.png
  artifactKey: Guid(4ccf43d26c4748c792174516f4a8fcef) Importer(815301076,1909f56bfc062723c751e8b465ee728b)
Start importing Assets/TextMesh Pro/Examples & Extras/Textures/Text Overflow - Linked Text Image 1.png using Guid(4ccf43d26c4748c792174516f4a8fcef) Importer(815301076,1909f56bfc062723c751e8b465ee728b)  -> (artifact id: '1c2b21929ea2235a3001d539d06aa6be') in 0.050513 seconds 
  Import took 0.053723 seconds .

========================================================================
Received Import Request.
  Time since last request: 0.000671 seconds.
  path: Assets/TextMesh Pro/Examples & Extras/Textures/Text Overflow - Linked Text UI Screenshot.png
  artifactKey: Guid(c76d18757a194d618355f05f815cb0a1) Importer(815301076,1909f56bfc062723c751e8b465ee728b)
Start importing Assets/TextMesh Pro/Examples & Extras/Textures/Text Overflow - Linked Text UI Screenshot.png using Guid(c76d18757a194d618355f05f815cb0a1) Importer(815301076,1909f56bfc062723c751e8b465ee728b)  -> (artifact id: '87699781bd3276a1ee8a72059987061f') in 0.046029 seconds 
  Import took 0.049219 seconds .

========================================================================
Received Import Request.
  Time since last request: 52.661756 seconds.
  path: Assets/Materials/marrone.jpg
  artifactKey: Guid(40467e8e2387b8145a639328947c1a8f) Importer(815301076,1909f56bfc062723c751e8b465ee728b)
Start importing Assets/Materials/marrone.jpg using Guid(40467e8e2387b8145a639328947c1a8f) Importer(815301076,1909f56bfc062723c751e8b465ee728b)  -> (artifact id: 'bc2478259df13dc2365be9466f39334f') in 0.052947 seconds 
  Import took 0.057145 seconds .

========================================================================
Received Import Request.
  Time since last request: 100.620905 seconds.
  path: Assets/Materials/chocolate-brown-card-stock-paper-texture-768x576.jpg
  artifactKey: Guid(18ec8c92ef83671489ace2069f1c8e74) Importer(815301076,1909f56bfc062723c751e8b465ee728b)
Start importing Assets/Materials/chocolate-brown-card-stock-paper-texture-768x576.jpg using Guid(18ec8c92ef83671489ace2069f1c8e74) Importer(815301076,1909f56bfc062723c751e8b465ee728b)  -> (artifact id: '317271f67b4041f5f44373834dd77acb') in 0.060000 seconds 
  Import took 0.064619 seconds .

========================================================================
Received Import Request.
  Time since last request: 119.828635 seconds.
  path: Assets/ChildrensWoodenToysFreeTrainsPack/Materials/WoodenTrainSet_low_TrainSet_AlbedoTransparency.png
  artifactKey: Guid(eaea3c1e42e429b438322bc5d561875a) Importer(815301076,1909f56bfc062723c751e8b465ee728b)
Start importing Assets/ChildrensWoodenToysFreeTrainsPack/Materials/WoodenTrainSet_low_TrainSet_AlbedoTransparency.png using Guid(eaea3c1e42e429b438322bc5d561875a) Importer(815301076,1909f56bfc062723c751e8b465ee728b)  -> (artifact id: '708fc88b9a9ebd5371d5689b35430a0e') in 0.077295 seconds 
  Import took 0.081184 seconds .

========================================================================
Received Import Request.
  Time since last request: 0.000399 seconds.
  path: Assets/ChildrensWoodenToysFreeTrainsPack/Materials/WoodenTrainSet_low_TrainSet_MetallicSmoothness.png
  artifactKey: Guid(5755eb3722cbbe14fa4e4b2d8a0aed5e) Importer(815301076,1909f56bfc062723c751e8b465ee728b)
Start importing Assets/ChildrensWoodenToysFreeTrainsPack/Materials/WoodenTrainSet_low_TrainSet_MetallicSmoothness.png using Guid(5755eb3722cbbe14fa4e4b2d8a0aed5e) Importer(815301076,1909f56bfc062723c751e8b465ee728b)  -> (artifact id: 'b61cc703fa66841f3096e95bdf2369b4') in 0.074154 seconds 
  Import took 0.080472 seconds .

========================================================================
Received Import Request.
  Time since last request: 0.000279 seconds.
  path: Assets/ChildrensWoodenToysFreeTrainsPack/Materials/WoodenTrainSet_low_TrainSet_Normal.png
  artifactKey: Guid(01081b1a1bf1ff24786fc49b56543b11) Importer(815301076,1909f56bfc062723c751e8b465ee728b)
Start importing Assets/ChildrensWoodenToysFreeTrainsPack/Materials/WoodenTrainSet_low_TrainSet_Normal.png using Guid(01081b1a1bf1ff24786fc49b56543b11) Importer(815301076,1909f56bfc062723c751e8b465ee728b)  -> (artifact id: '003bcc2ab480bfd8eb764871f1216f90') in 0.067561 seconds 
  Import took 0.072790 seconds .

========================================================================
Received Import Request.
  Time since last request: 212.252365 seconds.
  path: Assets/ChildrensWoodenToysFreeTrainsPack/Materials/TrainSet.mat
  artifactKey: Guid(0ea3356f3769e36488755f12cf4d4dce) Importer(815301076,1909f56bfc062723c751e8b465ee728b)
Start importing Assets/ChildrensWoodenToysFreeTrainsPack/Materials/TrainSet.mat using Guid(0ea3356f3769e36488755f12cf4d4dce) Importer(815301076,1909f56bfc062723c751e8b465ee728b)  -> (artifact id: '3854b82134dcd1cf08f433ed9f9fda73') in 0.097796 seconds 
  Import took 0.105132 seconds .

========================================================================
Received Import Request.
  Time since last request: 109.561077 seconds.
  path: Assets/Scenes/Treno_vecchio.unity
  artifactKey: Guid(9fc0d4010bbf28b4594072e72b8655ab) Importer(815301076,1909f56bfc062723c751e8b465ee728b)
Start importing Assets/Scenes/Treno_vecchio.unity using Guid(9fc0d4010bbf28b4594072e72b8655ab) Importer(815301076,1909f56bfc062723c751e8b465ee728b)  -> (artifact id: '6ebbdb9ed3a417d72afc28549927e936') in 0.033110 seconds 
  Import took 0.035795 seconds .

========================================================================
Received Import Request.
  Time since last request: 6.266529 seconds.
  path: Assets/Scenes/New Scene.unity
  artifactKey: Guid(c358c842a1d2c4402b3c85c3d67381fe) Importer(815301076,1909f56bfc062723c751e8b465ee728b)
Start importing Assets/Scenes/New Scene.unity using Guid(c358c842a1d2c4402b3c85c3d67381fe) Importer(815301076,1909f56bfc062723c751e8b465ee728b)  -> (artifact id: '9af1caf69874d60da7eb13f5d5781a14') in 0.031008 seconds 
  Import took 0.035450 seconds .

========================================================================
Received Import Request.
  Time since last request: 12.687230 seconds.
  path: Assets/Scenes/Prova_terreno.unity
  artifactKey: Guid(c358c842a1d2c4402b3c85c3d67381fe) Importer(815301076,1909f56bfc062723c751e8b465ee728b)
Start importing Assets/Scenes/Prova_terreno.unity using Guid(c358c842a1d2c4402b3c85c3d67381fe) Importer(815301076,1909f56bfc062723c751e8b465ee728b)  -> (artifact id: '2f2f3ccb213700eeb2c381189f8207d7') in 0.033678 seconds 
  Import took 0.038130 seconds .

AssetImportWorkerClient::OnTransportError - code=2 error=End of file
